  LocationSync.cpp
C:\Program Files\Microsoft Visual Studio\2022\Community\VC\Tools\MSVC\14.39.33519\include\expected(11): warning STL4038: The contents of <expected> are available only with C++23 or later.
  Please define _WIN32_WINNT or _WIN32_WINDOWS appropriately. For example:
  - add -D_WIN32_WINNT=0x0601 to the compiler command line; or
  - add _WIN32_WINNT=0x0601 to your project's Preprocessor Definitions.
  Assuming _WIN32_WINNT=0x0601 (i.e. Windows 7 target).
C:\Users\Diogo Santos\Desktop\Projetos\Gx64Sync\x64Sync\LocationSync.cpp(47,8): warning C4101: 'size': unreferenced local variable
C:\Users\Diogo Santos\Desktop\Projetos\Gx64Sync\x64Sync\SyncHandler.hpp(37,19): warning C4244: 'initializing': conversion from '__int64' to 'int', possible loss of data
  (compiling source file 'LocationSync.cpp')
  C:\Users\Diogo Santos\Desktop\Projetos\Gx64Sync\x64Sync\SyncHandler.hpp(37,19):
  the template instantiation context (the oldest one first) is
  	C:\Users\Diogo Santos\Desktop\Projetos\Gx64Sync\x64Sync\LocationSync.cpp(14,27):
  	see reference to function template instantiation 'int SyncHandler::subscribe<Messages::Location>(std::function<void (const Messages::Location &)>)' being compiled
  
C:\Users\Diogo Santos\Desktop\Projetos\Gx64Sync\x64Sync\SyncHandler.hpp(38,71): warning C4267: 'return': conversion from 'size_t' to 'int', possible loss of data
  (compiling source file 'LocationSync.cpp')
  
C:\Users\Diogo Santos\Desktop\Projetos\Gx64Sync\x64Sync\SyncHandler.hpp(46,14): warning C4834: discarding return value of function with [[nodiscard]] attribute
  (compiling source file 'LocationSync.cpp')
  C:\Users\Diogo Santos\Desktop\Projetos\Gx64Sync\x64Sync\SyncHandler.hpp(46,14):
  the template instantiation context (the oldest one first) is
  	C:\Users\Diogo Santos\Desktop\Projetos\Gx64Sync\x64Sync\LocationSync.cpp(41,11):
  	see reference to function template instantiation 'void SyncHandler::send<Messages::Location>(const MessageType &)' being compiled
          with
          [
              MessageType=Messages::Location
          ]
  
  PluginDevBuildTool: Failed to obtain exclusive access, requesting to unload x64Sync.dp64
  PluginDevBuildTool: Exclusive access to x64Sync.dp64 obtained!
  x64Sync.vcxproj -> C:\Users\Diogo Santos\Desktop\Projetos\Gx64Sync\x64Sync\x64\Debug\x64Sync.dp64
  PluginDevBuildTool: Requested reload of x64Sync.dp64
